<?xml version="1.0" encoding="utf-8"?><testsuites name="pytest tests"><testsuite name="pytest" errors="0" failures="0" skipped="0" tests="227" time="14.430" timestamp="2026-07-14T18:27:29.829535+00:00" hostname="vm"><properties>
[...]
</properties><testcase classname="tests.unit.test_coherence" name="test_analytic_signal_recovers_tone" time="0.002" /><testcase classname="tests.unit.test_coherence" name="test_pure_tone_coherence_is_one" time="0.002" /><testcase classname="tests.unit.test_coherence" name="test_coherence_amplitude_invariance" time="0.003" /><testcase classname="tests.unit.test_coherence" name="test_white_noise_coherence_near_baseline" time="0.003" /><testcase classname="tests.unit.test_coherence" name="test_circular_stats_concentrated_and_uniform" time="0.001" /><testcase classname="tests.unit.test_coherence" name="test_rayleigh_calibration" time="0.000" /><testcase classname="tests.unit.test_coherence" name="test_phase_linearity_bounds" time="0.001" /><testcase classname="tests.unit.test_coherence" name="test_amplitude_normalized_coherence_matches_for_tone" time="0.003" /><testcase classname="tests.unit.test_coherence" name="test_band_power_fraction_bounds" time="0.001" /><testcase classname="tests.unit.test_coherence" name="test_onset_and_decay_times" time="0.001" /><testcase classname="tests.unit.test_coherence" name="test_phase_locking_value_limits" time="0.001" /><testcase classname="tests.unit.test_coherence" name="test_anisotropy_identities" time="0.000" /><testcase classname="tests.unit.test_coherence" name="test_windowed_anisotropy_zero_for_identical_channels" time="0.008" /><testcase classname="tests.unit.test_coherence" name="test_windowed_anisotropy_matches_detuning" time="0.015" /><testcase classname="tests.unit.test_coherence" name="test_circular_variance_tensor_locked_vs_random" time="0.001" /><testcase classname="tests.unit.test_coherence" name="test_fit_exponential_decay_recovers_tau" time="0.001" /><testcase classname="tests.unit.test_coherence" name="test_model_comparison_picks_truth" time="0.007" /><testcase classname="tests.unit.test_coherence" name="test_threshold_bootstrap_reproducible" time="0.011" /><testcase classname="tests.unit.test_coherence" name="test_windowed_phase_rates_shape_and_value" time="0.002" /><testcase classname="tests.unit.test_experiments_provenance" name="test_apparatus_record_schema" time="0.001" /><testcase classname="tests.unit.test_experiments_provenance" name="test_run_record_null_labels" time="0.000" /><testcase classname="tests.unit.test_experiments_provenance" name="test_control_subtracted_metrics" time="0.000" /><testcase classname="tests.unit.test_experiments_provenance" name="test_merit_score_bounds_and_note" time="0.000" /><testcase classname="tests.unit.test_experiments_provenance" name="test_electron_rate_golden" time="0.000" /><testcase classname="tests.unit.test_experiments_provenance" name="test_uncertain_value_basics" time="0.001" /><testcase classname="tests.unit.test_experiments_provenance" name="test_json_null_never_nan" time="0.000" /><testcase classname="tests.unit.test_experiments_provenance" name="test_node_positions_serializes_null_measured" time="0.000" /><testcase classname="tests.unit.test_experiments_provenance" name="test_run_record_json_roundtrip" time="0.000" /><testcase classname="tests.unit.test_experiments_provenance" name="test_sha256_helpers" time="0.003" /><testcase classname="tests.unit.test_experiments_provenance" name="test_no_hybrid_classification_labels" time="0.000" /><testcase classname="tests.unit.test_experiments_provenance" name="test_classification_metadata_on_every_public_function" time="0.002" /><testcase classname="tests.unit.test_experiments_provenance" name="test_classification_labels_are_valid" time="0.001" /><testcase classname="tests.unit.test_experiments_provenance" name="test_forbidden_vocabulary_absent_from_source" time="0.005" /><testcase classname="tests.unit.test_experiments_provenance" name="test_forbidden_vocabulary_absent_from_desktop" time="0.008" /><testcase classname="tests.unit.test_experiments_provenance" name="test_forbidden_vocabulary_detector_works" time="0.000" /><testcase classname="tests.unit.test_experiments_provenance" name="test_model_version_present" time="0.000" /><testcase classname="tests.unit.test_geometry" name="test_polygon_area_hexagon_across_vertices" time="0.000" /><testcase classname="tests.unit.test_geometry" name="test_polygon_area_modes_consistent" time="0.000" /><testcase classname="tests.unit.test_geometry" name="test_apothem_across_flats_is_half_diameter" time="0.000" /><testcase classname="tests.unit.test_geometry" name="test_termination_height_conventions" time="0.000" /><testcase classname="tests.unit.test_geometry" name="test_crystal_geometry_summary_consistent" time="0.000" /><testcase classname="tests.unit.test_geometry" name="test_density_inverse_round_trip" time="0.001" /><testcase classname="tests.unit.test_geometry" name="test_spiral_pitch_and_curve" time="0.001" /><testcase classname="tests.unit.test_geometry" name="test_spiral_3d_length_converges_and_exceeds_planar" time="0.004" /><testcase classname="tests.unit.test_geometry" name="test_spiral_retired_closed_form_is_labeled_with_error" time="0.002" /><testcase classname="tests.unit.test_geometry" name="test_node_frames_and_precedence" time="0.000" /><testcase classname="tests.unit.test_geometry" name="test_node_alignment_factor" time="0.000" /><testcase classname="tests.unit.test_geometry" name="test_angle_audit_no_golden_ratio_equality" time="0.000" /><testcase classname="tests.unit.test_harmonics_compact" name="test_axial_half_wave_is_uncertain_value" time="0.000" /><testcase classname="tests.unit.test_harmonics_compact" name="test_ladder_length_uncertainty_propagates" time="0.000" /><testcase classname="tests.unit.test_harmonics_compact" name="test_harmonic_classification_unambiguous_at_zero_uncertainty" time="0.000" /><testcase classname="tests.unit.test_harmonics_compact" name="test_harmonic_classification_116mm_is_ambiguous" time="0.000" /><testcase classname="tests.unit.test_harmonics_compact" name="test_parity_odd_never_contains_zero" time="0.000" /><testcase classname="tests.unit.test_harmonics_compact" name="test_parity_even_zero_mode_flag" time="0.000" /><testcase classname="tests.unit.test_harmonics_compact" name="test_zero_mode_excluded_when_base_frequency_zero" time="0.000" /><testcase classname="tests.unit.test_harmonics_compact" name="test_zero_mode_listed_when_base_frequency_positive" time="0.000" /><testcase classname="tests.unit.test_harmonics_compact" name="test_compact_spectrum_reports_kappa_not_pair" time="0.000" /><testcase classname="tests.unit.test_harmonics_compact" name="test_compact_spectrum_uncertainty_limits" time="0.000" /><testcase classname="tests.unit.test_harmonics_compact" name="test_kappa_chi_value" time="0.000" /><testcase classname="tests.unit.test_loading_drive" name="test_loading_factor_is_frequency_ratio" time="0.000" /><testcase classname="tests.unit.test_loading_drive" name="test_k_h_and_k_tilde_h_are_distinct_functions" time="0.000" /><testcase classname="tests.unit.test_loading_drive" name="test_added_mass_zero_when_unloaded" time="0.000" /><testcase classname="tests.unit.test_loading_drive" name="test_correction_ledger_signed_and_bounded" time="0.000" /><testcase classname="tests.unit.test_loading_drive" name="test_phase_residue_on_cycle_counts_only" time="0.000" /><testcase classname="tests.unit.test_loading_drive" name="test_drive_sequence_macro_arithmetic" time="0.000" /><testcase classname="tests.unit.test_loading_drive" name="test_drive_sequence_unknown_mode" time="0.000" /><testcase classname="tests.unit.test_loading_drive" name="test_electrode_and_sound_macros" time="0.000" /><testcase classname="tests.unit.test_loading_drive" name="test_micro_pulse_pulses_per_period_explicit" time="0.000" /><testcase classname="tests.unit.test_loading_drive" name="test_source_presets_are_source_claims" time="0.000" /><testcase classname="tests.unit.test_malformed_inputs" name="test_geometry_rejects_nonpositive_and_nan" time="0.000" /><testcase classname="tests.unit.test_malformed_inputs" name="test_crystal_geometry_model_validation" time="0.000" /><testcase classname="tests.unit.test_malformed_inputs" name="test_density_inverse_rejects_bad_mass" time="0.000" /><testcase classname="tests.unit.test_malformed_inputs" name="test_spiral_validation" time="0.000" /><testcase classname="tests.unit.test_malformed_inputs" name="test_node_validation" time="0.000" /><testcase classname="tests.unit.test_malformed_inputs" name="test_harmonics_validation" time="0.000" /><testcase classname="tests.unit.test_malformed_inputs" name="test_compact_modes_validation" time="0.000" /><testcase classname="tests.unit.test_malformed_inputs" name="test_resonance_validation" time="0.000" /><testcase classname="tests.unit.test_malformed_inputs" name="test_coupled_modes_validation" time="0.001" /><testcase classname="tests.unit.test_malformed_inputs" name="test_loading_validation" time="0.001" /><testcase classname="tests.unit.test_malformed_inputs" name="test_drive_validation" time="0.000" /><testcase classname="tests.unit.test_malformed_inputs" name="test_coherence_validation" time="0.001" /><testcase classname="tests.unit.test_malformed_inputs" name="test_experiments_validation" time="0.000" /><testcase classname="tests.unit.test_qa_hardening" name="test_corrupt_workspace_raises_workspace_error[zero_header]" time="0.031" /><testcase classname="tests.unit.test_qa_hardening" name="test_corrupt_workspace_raises_workspace_error[truncate]" time="0.029" /><testcase classname="tests.unit.test_qa_hardening" name="test_corrupt_workspace_raises_workspace_error[garbage]" time="0.027" /><testcase classname="tests.unit.test_qa_hardening" name="test_corrupt_db_is_not_archived_as_backup" time="0.028" /><testcase classname="tests.unit.test_qa_hardening" name="test_restore_latest_backup_recovers_workspace" time="0.029" /><testcase classname="tests.unit.test_qa_hardening" name="test_restore_without_backups_raises" time="0.025" /><testcase classname="tests.unit.test_qa_hardening" name="test_csv_loader_empty_file" time="0.001" /><testcase classname="tests.unit.test_qa_hardening" name="test_csv_loader_header_only" time="0.001" /><testcase classname="tests.unit.test_qa_hardening" name="test_csv_loader_binary" time="0.001" /><testcase classname="tests.unit.test_qa_hardening" name="test_csv_loader_ragged_row" time="0.001" /><testcase classname="tests.unit.test_qa_hardening" name="test_csv_loader_non_numeric" time="0.001" /><testcase classname="tests.unit.test_qa_hardening" name="test_csv_loader_rejects_nan_inf" time="0.001" /><testcase classname="tests.unit.test_qa_hardening" name="test_csv_loader_happy_path" time="0.001" /><testcase classname="tests.unit.test_qa_hardening" name="test_validate_manifest_file_malformed_json" time="0.001" /><testcase classname="tests.unit.test_qa_hardening" name="test_validate_manifest_file_binary" time="0.001" /><testcase classname="tests.unit.test_qa_hardening" name="test_instantaneous_frequency_single_sample_guard" time="0.001" /><testcase classname="tests.unit.test_qa_hardening" name="test_coherence_decay_time_empty_guard" time="0.001" /><testcase classname="tests.unit.test_qa_hardening" name="test_coherence_series_rejects_non_finite" time="0.000" /><testcase classname="tests.unit.test_qa_hardening" name="test_analytic_signal_rejects_nan" time="0.000" /><testcase classname="tests.unit.test_qa_hardening" name="test_initial_phase_estimate_is_arg_z0_mod_2pi" time="0.001" /><testcase classname="tests.unit.test_resonance_coupled" name="test_offset_detuning_identity" time="0.000" /><testcase classname="tests.unit.test_resonance_coupled" name="test_q_derived_classes" time="0.000" /><testcase classname="tests.unit.test_resonance_coupled" name="test_classification_requires_uncertainty" time="0.000" /><testcase classname="tests.unit.test_resonance_coupled" name="test_sweep_span_floors" time="0.000" /><testcase classname="tests.unit.test_resonance_coupled" name="test_corrected_offset_sign_flip" time="0.000" /><testcase classname="tests.unit.test_resonance_coupled" name="test_corrected_offset_uncertainty_near_zero" time="0.000" /><testcase classname="tests.unit.test_resonance_coupled" name="test_two_mode_mixing_and_strong_coupling" time="0.000" /><testcase classname="tests.unit.test_resonance_coupled" name="test_n_mode_matches_two_mode" time="0.001" /><testcase classname="tests.unit.test_resonance_coupled" name="test_avoided_crossing_min_splitting_is_2g" time="0.000" /><testcase classname="tests.unit.test_resonance_coupled" name="test_coupling_consistency_k_equals_two_pi_g" time="0.000" /><testcase classname="tests.unit.test_resonance_coupled" name="test_coupling_geometry_scaling" time="0.000" /><testcase classname="tests.unit.test_resonance_coupled" name="test_stuart_landau_deterministic_ringdown" time="0.031" /><testcase classname="tests.unit.test_resonance_coupled" name="test_stuart_landau_locking_threshold_pi_delta_f" time="0.491" /><testcase classname="tests.unit.test_resonance_coupled" name="test_stuart_landau_saturation_amplitude" time="0.464" /><testcase classname="tests.unit.test_resonance_coupled" name="test_stuart_landau_noise_requires_seed" time="0.001" /><testcase classname="tests.unit.test_resonance_coupled" name="test_stuart_landau_seeded_reproducibility" time="0.015" /><testcase classname="tests.property.test_properties" name="test_compact_spectrum_monotone_in_n" time="0.100" /><testcase classname="tests.property.test_properties" name="test_parity_families_partition" time="0.076" /><testcase classname="tests.property.test_properties" name="test_two_mode_eigenvalue_bracketing" time="0.096" /><testcase classname="tests.property.test_properties" name="test_n_mode_eigenvalue_interlacing" time="0.052" /><testcase classname="tests.property.test_properties" name="test_offset_detuning_identity_property" time="0.171" /><testcase classname="tests.property.test_properties" name="test_polygon_area_scales_quadratically" time="0.094" /><testcase classname="tests.property.test_properties" name="test_density_inverse_recovers_scale" time="0.017" /><testcase classname="tests.property.test_properties" name="test_frame_round_trip" time="0.091" /><testcase classname="tests.property.test_properties" name="test_node_prior_inside_shaft" time="0.107" /><testcase classname="tests.property.test_properties" name="test_ladder_frequency_length_round_trip" time="0.064" /><testcase classname="tests.property.test_properties" name="test_ladder_length_reproduces_base_frequency" time="0.044" /><testcase classname="tests.property.test_properties" name="test_coherence_window_in_unit_interval" time="0.032" /><testcase classname="tests.property.test_properties" name="test_circular_variance_in_unit_interval" time="0.031" /><testcase classname="tests.property.test_properties" name="test_phase_linearity_one_for_any_tone" time="0.029" /><testcase classname="tests.property.test_properties" name="test_plv_bounds_and_self_locking" time="0.027" /><testcase classname="tests.property.test_properties" name="test_shear_scalar_invariances" time="0.108" /><testcase classname="tests.property.test_properties" name="test_uncertain_value_scale_invariant" time="0.103" /><testcase classname="tests.golden.test_golden_values" name="test_g01_ladder_constant" time="0.000" /><testcase classname="tests.golden.test_golden_values" name="test_g02_l5" time="0.000" /><testcase classname="tests.golden.test_golden_values" name="test_g03_l7" time="0.000" /><testcase classname="tests.golden.test_golden_values" name="test_g04_f_ax_110mm" time="0.000" /><testcase classname="tests.golden.test_golden_values" name="test_g05_f_ax_116mm" time="0.000" /><testcase classname="tests.golden.test_golden_values" name="test_g06_compact_n1" time="0.000" /><testcase classname="tests.golden.test_golden_values" name="test_g07_epsilon_zero" time="0.000" /><testcase classname="tests.golden.test_golden_values" name="test_g08_two_mode_hybrids" time="0.000" /><testcase classname="tests.golden.test_golden_values" name="test_g09_loading" time="0.000" /><testcase classname="tests.golden.test_golden_values" name="test_g10_spiral_invariants" time="0.003" /><testcase classname="tests.golden.test_golden_values" name="test_g11_angle_audit" time="0.000" /><testcase classname="tests.golden.test_golden_values" name="test_g12_drive_families[standard-2261-allocation0-552.001953125]" time="0.001" /><testcase classname="tests.golden.test_golden_values" name="test_g12_drive_families[half_spacing-1508-allocation1-368.1640625]" time="0.001" /><testcase classname="tests.golden.test_golden_values" name="test_g12_drive_families[double_rate-1131-allocation2-276.123046875]" time="0.001" /><testcase classname="tests.golden.test_golden_values" name="test_d13_phase_residue_half_spacing" time="0.000" /><testcase classname="tests.golden.test_golden_values" name="test_g13_coil_inference" time="0.000" /><testcase classname="tests.golden.test_golden_values" name="test_g14_electron_count_correction" time="0.000" /><testcase classname="tests.golden.test_golden_values" name="test_g15_shear_scalar_identity" time="0.000" /><testcase classname="tests.golden.test_golden_values" name="test_node_frame_pair" time="0.000" /><testcase classname="tests.regression.test_generator_determinism" name="test_generator_deterministic" time="3.298" /><testcase classname="tests.regression.test_golden_coherence_manifest" name="test_case_a_coherence_mean_at_baseline" time="0.004" /><testcase classname="tests.regression.test_golden_coherence_manifest" name="test_case_a_coherence_never_high" time="0.001" /><testcase classname="tests.regression.test_golden_coherence_manifest" name="test_case_a_baseline_formula" time="0.000" /><testcase classname="tests.regression.test_golden_coherence_manifest" name="test_case_a_occupancy_flat" time="0.001" /><testcase classname="tests.regression.test_golden_coherence_manifest" name="test_case_a_phase_linearity_low" time="0.001" /><testcase classname="tests.regression.test_golden_coherence_manifest" name="test_case_b_coherence_exactly_one" time="0.004" /><testcase classname="tests.regression.test_golden_coherence_manifest" name="test_case_b_phase_linearity_one" time="0.001" /><testcase classname="tests.regression.test_golden_coherence_manifest" name="test_case_b_instantaneous_frequency" time="0.001" /><testcase classname="tests.regression.test_golden_coherence_manifest" name="test_case_b_occupancy_full" time="0.001" /><testcase classname="tests.regression.test_golden_coherence_manifest" name="test_case_c_coherence_high" time="0.012" /><testcase classname="tests.regression.test_golden_coherence_manifest" name="test_case_c_coherence_survives_amplitude_fall" time="0.000" /><testcase classname="tests.regression.test_golden_coherence_manifest" name="test_case_c_onset_time" time="0.001" /><testcase classname="tests.regression.test_golden_coherence_manifest" name="test_case_c_coherence_decay_tau" time="0.001" /><testcase classname="tests.regression.test_golden_coherence_manifest" name="test_case_c_coherence_below_amplitude_floor" time="0.001" /><testcase classname="tests.regression.test_golden_coherence_manifest" name="test_case_c_envelope_model_selection" time="0.000" /><testcase classname="tests.regression.test_golden_coherence_manifest" name="test_case_c_exp_beats_power" time="0.000" /><testcase classname="tests.regression.test_golden_coherence_manifest" name="test_case_c_exp_crushes_nochange" time="0.000" /><testcase classname="tests.regression.test_golden_coherence_manifest" name="test_case_c_envelope_tau" time="0.000" /><testcase classname="tests.regression.test_golden_coherence_manifest" name="test_case_d_per_run_coherence_high" time="0.293" /><testcase classname="tests.regression.test_golden_coherence_manifest" name="test_case_d_per_run_phase_stable" time="0.000" /><testcase classname="tests.regression.test_golden_coherence_manifest" name="test_case_d_ensemble_resultant_small" time="0.000" /><testcase classname="tests.regression.test_golden_coherence_manifest" name="test_case_d_rayleigh_does_not_reject" time="0.001" /><testcase classname="tests.regression.test_golden_coherence_manifest" name="test_case_d_circular_variance_high" time="0.000" /><testcase classname="tests.regression.test_golden_coherence_manifest" name="test_case_e_unlocked_below_threshold" time="0.001" /><testcase classname="tests.regression.test_golden_coherence_manifest" name="test_case_e_locked_above_threshold" time="0.000" /><testcase classname="tests.regression.test_golden_coherence_manifest" name="test_case_e_plv_monotone_in_K" time="0.001" /><testcase classname="tests.regression.test_golden_coherence_manifest" name="test_case_e_threshold_detection" time="0.012" /><testcase classname="tests.regression.test_golden_coherence_manifest" name="test_case_e_threshold_bootstrap_ci" time="0.011" /><testcase classname="tests.regression.test_golden_coherence_manifest" name="test_case_f_false_coherence_is_high" time="0.835" /><testcase classname="tests.regression.test_golden_coherence_manifest" name="test_case_f_control_coherence_equal" time="0.000" /><testcase classname="tests.regression.test_golden_coherence_manifest" name="test_case_f_control_subtraction_nulls_effect" time="0.000" /><testcase classname="tests.regression.test_golden_coherence_manifest" name="test_case_f_rayleigh_rejects_imprinted_phase" time="0.000" /><testcase classname="tests.regression.test_golden_coherence_manifest" name="test_case_f_ensemble_resultant_near_one" time="0.000" /><testcase classname="tests.regression.test_golden_coherence_manifest" name="test_case_f_phase_clusters_at_pump" time="0.000" /><testcase classname="tests.regression.test_golden_coherence_manifest" name="test_case_g_long_point_coherent" time="0.054" /><testcase classname="tests.regression.test_golden_coherence_manifest" name="test_case_g_long_wide_coherent" time="0.000" /><testcase classname="tests.regression.test_golden_coherence_manifest" name="test_case_g_short_point_coherent" time="0.000" /><testcase classname="tests.regression.test_golden_coherence_manifest" name="test_case_g_short_wide_filtered" time="0.000" /><testcase classname="tests.regression.test_golden_coherence_manifest" name="test_case_g_anisotropy_small_when_common" time="0.000" /><testcase classname="tests.regression.test_golden_coherence_manifest" name="test_case_g_anisotropy_matches_detuning" time="0.000" /><testcase classname="tests.regression.test_golden_coherence_manifest" name="test_case_g_anisotropy_contrast" time="0.000" /><testcase classname="tests.regression.test_golden_coherence_manifest" name="test_forbidden_vocabulary_in_manifest_context" time="0.001" /><testcase classname="tests.regression.test_performance" name="test_benchmark_coherence_series" time="0.036" /><testcase classname="tests.regression.test_performance" name="test_benchmark_spiral_convergence" time="0.003" /><testcase classname="tests.regression.test_performance" name="test_benchmark_stuart_landau" time="0.146" /><testcase classname="tests.regression.test_performance" name="test_benchmark_anisotropy" time="0.014" /><testcase classname="tests.regression.test_qa_d04_coupling_map" name="test_anti_hermitian_coupling_reproduces_2g_frequency_splitting" time="0.813" /><testcase classname="tests.regression.test_qa_d04_coupling_map" name="test_real_symmetric_coupling_splits_growth_not_frequency" time="0.837" /><testcase classname="tests.regression.test_qa_d04_coupling_map" name="test_old_pi_g_map_now_flags_inconsistent" time="0.000" /><testcase classname="tests.ui.test_smoke" name="test_window_opens_and_panels_construct" time="0.533" /><testcase classname="tests.ui.test_smoke" name="test_command_palette_lists_actions" time="0.229" /><testcase classname="tests.ui.test_smoke" name="test_command_palette_runs_action" time="0.221" /><testcase classname="tests.ui.test_smoke" name="test_job_queue_processes_trivial_job" time="0.249" /><testcase classname="tests.ui.test_smoke" name="test_job_cancellation" time="0.359" /><testcase classname="tests.ui.test_smoke" name="test_failed_job_preserves_error_artifact" time="0.258" /><testcase classname="tests.ui.test_smoke" name="test_classification_badges_present" time="0.211" /><testcase classname="tests.ui.test_smoke" name="test_uncertain_values_render_intervals_not_points" time="0.312" /><testcase classname="tests.ui.test_smoke" name="test_source_presets_under_source_claim_banner" time="0.378" /><testcase classname="tests.ui.test_smoke" name="test_pulse_designer_exposes_pulses_per_period" time="0.217" /><testcase classname="tests.ui.test_smoke" name="test_coherence_claim_gate_blocks_small_ensembles" time="0.202" /><testcase classname="tests.ui.test_smoke" name="test_unknown_schema_major_version_refused" time="0.001" /><testcase classname="tests.ui.test_smoke" name="test_layout_persistence_roundtrip" time="0.200" /><testcase classname="tests.integration.test_vertical_slice" name="test_step_1_workspace_created" time="0.215" /><testcase classname="tests.integration.test_vertical_slice" name="test_step_2_import_specimen" time="0.027" /><testcase classname="tests.integration.test_vertical_slice" name="test_step_3_compute_spectrum" time="0.018" /><testcase classname="tests.integration.test_vertical_slice" name="test_step_4_define_experiment_validated_manifest" time="0.066" /><testcase classname="tests.integration.test_vertical_slice" name="test_step_4b_ethics_gate_blocks_human_loading" time="0.012" /><testcase classname="tests.integration.test_vertical_slice" name="test_step_5_coherence_job_on_sample_data" time="0.338" /><testcase classname="tests.integration.test_vertical_slice" name="test_step_6_results_collected" time="0.001" /><testcase classname="tests.integration.test_vertical_slice" name="test_step_7_reproducibility_bundle" time="0.044" /><testcase classname="tests.integration.test_vertical_slice" name="test_data_safety_no_silent_overwrite" time="0.008" /><testcase classname="tests.integration.test_vertical_slice" name="test_deterministic_artifact_ids" time="0.006" /></testsuite></testsuites>